<?xml version="1.0" encoding="UTF-8"?>
<testng-results ignored="0" total="0" passed="0" failed="0" skipped="0">
  <reporter-output>
  </reporter-output>
  <suite started-at="2024-08-14T14:14:09 EEST" name="Command line suite" finished-at="2024-08-14T14:14:09 EEST" duration-ms="17">
    <groups>
    </groups>
    <test started-at="2024-08-14T14:14:09 EEST" name="Command line test" finished-at="2024-08-14T14:14:09 EEST" duration-ms="17">
    </test> <!-- Command line test -->
  </suite> <!-- Command line suite -->
</testng-results>
